2018-02-19 15:07:19,083 INFO       main:1:MLST:main:MLST:262 - Generating random graph...
2018-02-19 15:07:19,107 NOTICE     main:1:MLST:main:MLST:304 - Selected algorithms:
2018-02-19 15:07:19,107 NOTICE     main:1:MLST:lambda$main$5:MLST:305 - topdown
2018-02-19 15:07:19,108 NOTICE     main:1:MLST:lambda$main$5:MLST:305 - bottomup
2018-02-19 15:07:19,108 NOTICE     main:1:MLST:lambda$main$5:MLST:305 - topdown
2018-02-19 15:07:19,112 INFO       main:1:MLST:main:MLST:346 - Plotting...
2018-02-19 15:07:19,530 INFO       main:1:MLST:main:MLST:353 - All done.
2018-02-19 15:07:19,530 INFO       main:1:MLST:main:MLST:360 - Algorithm: topdown
2018-02-19 15:07:19,531 INFO       main:1:MLST:main:MLST:364 - Starting calculating MLST with topdown...
2018-02-19 15:07:19,556 INFO       main:1:MLST:main:MLST:369 - Done.
2018-02-19 15:07:19,556 INFO       main:1:MLST:main:MLST:371 - Calculating spanning tree...
2018-02-19 15:07:19,556 INFO       main:1:MLST:main:MLST:376 - Done.
2018-02-19 15:07:19,557 INFO       main:1:MLST:main:MLST:389 - Plotting...
2018-02-19 15:07:19,683 INFO       main:1:MLST:main:MLST:360 - Algorithm: bottomup
2018-02-19 15:07:19,683 INFO       main:1:MLST:main:MLST:364 - Starting calculating MLST with bottomup...
2018-02-19 15:07:19,689 INFO       main:1:MLST:main:MLST:369 - Done.
2018-02-19 15:07:19,690 INFO       main:1:MLST:main:MLST:371 - Calculating spanning tree...
2018-02-19 15:07:19,690 INFO       main:1:MLST:main:MLST:376 - Done.
2018-02-19 15:07:19,691 INFO       main:1:MLST:main:MLST:389 - Plotting...
2018-02-19 15:07:19,728 INFO       main:1:MLST:main:MLST:360 - Algorithm: topdown
2018-02-19 15:07:19,728 INFO       main:1:MLST:main:MLST:364 - Starting calculating MLST with topdown...
2018-02-19 15:07:19,738 INFO       main:1:MLST:main:MLST:369 - Done.
2018-02-19 15:07:19,739 INFO       main:1:MLST:main:MLST:371 - Calculating spanning tree...
2018-02-19 15:07:19,740 INFO       main:1:MLST:main:MLST:376 - Done.
2018-02-19 15:07:19,740 INFO       main:1:MLST:main:MLST:389 - Plotting...
2018-02-19 15:07:19,828 INFO       main:1:MLST:main:MLST:408 - All done.
2018-02-19 15:07:52,143 INFO       main:1:MLST:main:MLST:262 - Generating random graph...
2018-02-19 15:07:52,176 NOTICE     main:1:MLST:main:MLST:304 - Selected algorithms:
2018-02-19 15:07:52,177 NOTICE     main:1:MLST:lambda$main$5:MLST:305 - topdown
2018-02-19 15:07:52,177 NOTICE     main:1:MLST:lambda$main$5:MLST:305 - bottomup
2018-02-19 15:07:52,178 NOTICE     main:1:MLST:lambda$main$5:MLST:305 - topdown
2018-02-19 15:07:52,183 INFO       main:1:MLST:main:MLST:346 - Plotting...
2018-02-19 15:07:52,625 INFO       main:1:MLST:main:MLST:353 - All done.
2018-02-19 15:07:52,625 INFO       main:1:MLST:main:MLST:360 - Algorithm: topdown
2018-02-19 15:07:52,626 INFO       main:1:MLST:main:MLST:364 - Starting calculating MLST with topdown...
2018-02-19 15:08:04,879 INFO       main:1:MLST:main:MLST:369 - Done.
2018-02-19 15:08:04,879 INFO       main:1:MLST:main:MLST:371 - Calculating spanning tree...
2018-02-19 15:08:04,880 INFO       main:1:MLST:main:MLST:376 - Done.
2018-02-19 15:08:04,881 INFO       main:1:MLST:main:MLST:389 - Plotting...
2018-02-19 15:08:04,890 INFO       main:1:MLST:main:MLST:360 - Algorithm: bottomup
2018-02-19 15:08:04,891 INFO       main:1:MLST:main:MLST:364 - Starting calculating MLST with bottomup...
2018-02-19 15:08:04,902 INFO       main:1:MLST:main:MLST:369 - Done.
2018-02-19 15:08:04,902 INFO       main:1:MLST:main:MLST:371 - Calculating spanning tree...
2018-02-19 15:08:04,903 INFO       main:1:MLST:main:MLST:376 - Done.
2018-02-19 15:08:04,904 INFO       main:1:MLST:main:MLST:389 - Plotting...
2018-02-19 15:08:04,920 INFO       main:1:MLST:main:MLST:360 - Algorithm: topdown
2018-02-19 15:08:04,920 INFO       main:1:MLST:main:MLST:364 - Starting calculating MLST with topdown...
2018-02-19 15:08:18,805 INFO       main:1:MLST:main:MLST:369 - Done.
2018-02-19 15:08:18,805 INFO       main:1:MLST:main:MLST:371 - Calculating spanning tree...
2018-02-19 15:08:18,805 INFO       main:1:MLST:main:MLST:376 - Done.
2018-02-19 15:08:18,806 INFO       main:1:MLST:main:MLST:389 - Plotting...
2018-02-19 15:08:18,814 INFO       main:1:MLST:main:MLST:408 - All done.
2018-02-19 15:08:32,000 INFO       main:1:MLST:main:MLST:262 - Generating random graph...
2018-02-19 15:08:32,027 NOTICE     main:1:MLST:main:MLST:304 - Selected algorithms:
2018-02-19 15:08:32,028 NOTICE     main:1:MLST:lambda$main$5:MLST:305 - topdown
2018-02-19 15:08:32,028 NOTICE     main:1:MLST:lambda$main$5:MLST:305 - bottomup
2018-02-19 15:08:32,028 NOTICE     main:1:MLST:lambda$main$5:MLST:305 - bottomupt
2018-02-19 15:08:32,029 NOTICE     main:1:MLST:lambda$main$5:MLST:305 - mvca
2018-02-19 15:08:32,029 NOTICE     main:1:MLST:lambda$main$5:MLST:305 - mvcao1
2018-02-19 15:08:32,029 NOTICE     main:1:MLST:lambda$main$5:MLST:305 - era
2018-02-19 15:08:32,034 INFO       main:1:MLST:main:MLST:346 - Plotting...
2018-02-19 15:08:32,433 INFO       main:1:MLST:main:MLST:353 - All done.
2018-02-19 15:08:32,434 INFO       main:1:MLST:main:MLST:360 - Algorithm: topdown
2018-02-19 15:08:32,435 INFO       main:1:MLST:main:MLST:364 - Starting calculating MLST with topdown...
2018-02-19 15:08:34,077 INFO       main:1:MLST:main:MLST:369 - Done.
2018-02-19 15:08:34,077 INFO       main:1:MLST:main:MLST:371 - Calculating spanning tree...
2018-02-19 15:08:34,078 INFO       main:1:MLST:main:MLST:376 - Done.
2018-02-19 15:08:34,079 INFO       main:1:MLST:main:MLST:389 - Plotting...
2018-02-19 15:08:34,089 INFO       main:1:MLST:main:MLST:360 - Algorithm: bottomup
2018-02-19 15:08:34,089 INFO       main:1:MLST:main:MLST:364 - Starting calculating MLST with bottomup...
2018-02-19 15:08:34,102 INFO       main:1:MLST:main:MLST:369 - Done.
2018-02-19 15:08:34,103 INFO       main:1:MLST:main:MLST:371 - Calculating spanning tree...
2018-02-19 15:08:34,103 INFO       main:1:MLST:main:MLST:376 - Done.
2018-02-19 15:08:34,104 INFO       main:1:MLST:main:MLST:389 - Plotting...
2018-02-19 15:08:34,126 INFO       main:1:MLST:main:MLST:360 - Algorithm: bottomupt
2018-02-19 15:08:34,133 INFO       main:1:MLST:main:MLST:364 - Starting calculating MLST with bottomupt...
2018-02-19 15:08:34,168 INFO       main:1:MLST:main:MLST:369 - Done.
2018-02-19 15:08:34,169 INFO       main:1:MLST:main:MLST:371 - Calculating spanning tree...
2018-02-19 15:08:34,169 INFO       main:1:MLST:main:MLST:376 - Done.
2018-02-19 15:08:34,170 INFO       main:1:MLST:main:MLST:389 - Plotting...
2018-02-19 15:08:34,225 INFO       main:1:MLST:main:MLST:360 - Algorithm: mvca
2018-02-19 15:08:34,226 INFO       main:1:MLST:main:MLST:364 - Starting calculating MLST with mvca...
2018-02-19 15:08:34,234 INFO       main:1:MLST:main:MLST:369 - Done.
2018-02-19 15:08:34,234 INFO       main:1:MLST:main:MLST:371 - Calculating spanning tree...
2018-02-19 15:08:34,235 INFO       main:1:MLST:main:MLST:376 - Done.
2018-02-19 15:08:34,235 INFO       main:1:MLST:main:MLST:389 - Plotting...
2018-02-19 15:08:34,276 INFO       main:1:MLST:main:MLST:360 - Algorithm: mvcao1
2018-02-19 15:08:34,277 INFO       main:1:MLST:main:MLST:364 - Starting calculating MLST with mvcao1...
2018-02-19 15:08:34,279 INFO       main:1:MLST:main:MLST:369 - Done.
2018-02-19 15:08:34,279 INFO       main:1:MLST:main:MLST:371 - Calculating spanning tree...
2018-02-19 15:08:34,279 INFO       main:1:MLST:main:MLST:376 - Done.
2018-02-19 15:08:34,280 INFO       main:1:MLST:main:MLST:389 - Plotting...
2018-02-19 15:08:34,289 INFO       main:1:MLST:main:MLST:360 - Algorithm: era
2018-02-19 15:08:34,290 INFO       main:1:MLST:main:MLST:364 - Starting calculating MLST with era...
2018-02-19 15:08:34,309 INFO       main:1:MLST:main:MLST:369 - Done.
2018-02-19 15:08:34,309 INFO       main:1:MLST:main:MLST:371 - Calculating spanning tree...
2018-02-19 15:08:34,310 INFO       main:1:MLST:main:MLST:376 - Done.
2018-02-19 15:08:34,311 INFO       main:1:MLST:main:MLST:389 - Plotting...
2018-02-19 15:08:34,427 INFO       main:1:MLST:main:MLST:408 - All done.
