2018-02-16 18:58:12,142 ERROR      main:1:MLST:main:MLST:228 - ParseException: Missing required option: [-i The input graph file., -h Print help., -v Print version., -r Generate random graph.]
2018-02-17 15:45:10,654 INFO       main:1:MLST:main:MLST:203 - Reading graph from file...
2018-02-17 15:45:10,804 INFO       main:1:MLST:main:MLST:290 - Algorithm: alg1
2018-02-17 15:45:10,804 INFO       main:1:MLST:main:MLST:310 - Plotting...
2018-02-17 15:45:11,284 INFO       main:1:MLST:main:MLST:317 - All done.
2018-02-17 15:45:11,284 INFO       main:1:MLST:main:MLST:319 - Starting calculating MLST with alg1...
2018-02-17 15:45:11,297 INFO       main:1:MLST:main:MLST:321 - Done.
2018-02-17 15:45:11,298 INFO       main:1:MLST:main:MLST:323 - Calculating spanning tree...
2018-02-17 15:45:11,298 INFO       main:1:MLST:main:MLST:326 - Done.
2018-02-17 15:45:11,304 INFO       main:1:MLST:main:MLST:330 - Plotting...
2018-02-17 15:45:11,402 INFO       main:1:MLST:main:MLST:290 - Algorithm: ralg1
2018-02-17 15:45:11,403 INFO       main:1:MLST:main:MLST:310 - Plotting...
2018-02-17 15:45:11,432 INFO       main:1:MLST:main:MLST:317 - All done.
2018-02-17 15:45:11,433 INFO       main:1:MLST:main:MLST:319 - Starting calculating MLST with ralg1...
2018-02-17 15:45:34,841 INFO       main:1:MLST:main:MLST:203 - Reading graph from file...
2018-02-17 15:45:34,964 INFO       main:1:MLST:main:MLST:290 - Algorithm: alg1
2018-02-17 15:45:34,965 INFO       main:1:MLST:main:MLST:310 - Plotting...
2018-02-17 15:45:35,460 INFO       main:1:MLST:main:MLST:317 - All done.
2018-02-17 15:45:35,461 INFO       main:1:MLST:main:MLST:319 - Starting calculating MLST with alg1...
2018-02-17 15:45:35,544 INFO       main:1:MLST:main:MLST:321 - Done.
2018-02-17 15:45:35,545 INFO       main:1:MLST:main:MLST:323 - Calculating spanning tree...
2018-02-17 15:45:35,545 INFO       main:1:MLST:main:MLST:326 - Done.
2018-02-17 15:45:35,546 INFO       main:1:MLST:main:MLST:330 - Plotting...
2018-02-17 15:45:35,562 INFO       main:1:MLST:main:MLST:290 - Algorithm: ralg1
2018-02-17 15:45:35,563 INFO       main:1:MLST:main:MLST:310 - Plotting...
2018-02-17 15:45:35,589 INFO       main:1:MLST:main:MLST:317 - All done.
2018-02-17 15:45:35,590 INFO       main:1:MLST:main:MLST:319 - Starting calculating MLST with ralg1...
2018-02-18 01:21:39,933 INFO       main:1:MLST:main:MLST:207 - Reading graph from file...
2018-02-18 01:21:40,058 INFO       main:1:MLST:main:MLST:312 - Plotting...
2018-02-18 01:21:40,503 INFO       main:1:MLST:main:MLST:319 - All done.
2018-02-18 01:21:40,504 INFO       main:1:MLST:main:MLST:325 - Algorithm: ralg1opt1
2018-02-18 01:21:40,505 INFO       main:1:MLST:main:MLST:328 - Starting calculating MLST with ralg1opt1...
2018-02-18 01:21:54,495 INFO       main:1:MLST:main:MLST:207 - Reading graph from file...
2018-02-18 01:21:54,617 INFO       main:1:MLST:main:MLST:312 - Plotting...
2018-02-18 01:21:55,115 INFO       main:1:MLST:main:MLST:319 - All done.
2018-02-18 01:21:55,115 INFO       main:1:MLST:main:MLST:325 - Algorithm: ralg1opt1
2018-02-18 01:21:55,117 INFO       main:1:MLST:main:MLST:328 - Starting calculating MLST with ralg1opt1...
2018-02-18 01:53:03,524 INFO       main:1:MLST:main:MLST:207 - Reading graph from file...
2018-02-18 01:53:03,648 INFO       main:1:MLST:main:MLST:312 - Plotting...
2018-02-18 01:53:04,087 INFO       main:1:MLST:main:MLST:319 - All done.
2018-02-18 01:53:04,088 INFO       main:1:MLST:main:MLST:325 - Algorithm: ralg1opt1
2018-02-18 01:53:04,089 INFO       main:1:MLST:main:MLST:328 - Starting calculating MLST with ralg1opt1...
2018-02-18 01:53:04,384 INFO       main:1:MLST:main:MLST:333 - Done.
2018-02-18 01:53:04,384 INFO       main:1:MLST:main:MLST:335 - Calculating spanning tree...
2018-02-18 01:53:04,385 INFO       main:1:MLST:main:MLST:338 - Done.
2018-02-18 01:53:04,385 INFO       main:1:MLST:main:MLST:342 - Plotting...
2018-02-18 01:53:04,483 INFO       main:1:MLST:main:MLST:325 - Algorithm: ralg1
2018-02-18 01:53:04,484 INFO       main:1:MLST:main:MLST:328 - Starting calculating MLST with ralg1...
2018-02-18 01:54:06,200 INFO       main:1:MLST:main:MLST:207 - Reading graph from file...
2018-02-18 01:54:06,318 INFO       main:1:MLST:main:MLST:312 - Plotting...
2018-02-18 01:54:06,757 INFO       main:1:MLST:main:MLST:319 - All done.
2018-02-18 01:54:06,758 INFO       main:1:MLST:main:MLST:325 - Algorithm: ralg1opt1
2018-02-18 01:54:06,759 INFO       main:1:MLST:main:MLST:328 - Starting calculating MLST with ralg1opt1...
2018-02-18 01:54:07,042 INFO       main:1:MLST:main:MLST:333 - Done.
2018-02-18 01:54:07,042 INFO       main:1:MLST:main:MLST:335 - Calculating spanning tree...
2018-02-18 01:54:07,043 INFO       main:1:MLST:main:MLST:338 - Done.
2018-02-18 01:54:07,044 INFO       main:1:MLST:main:MLST:342 - Plotting...
2018-02-18 01:54:07,136 INFO       main:1:MLST:main:MLST:325 - Algorithm: ralg1
2018-02-18 01:54:07,136 INFO       main:1:MLST:main:MLST:328 - Starting calculating MLST with ralg1...
2018-02-18 01:54:10,300 INFO       main:1:MLST:main:MLST:333 - Done.
2018-02-18 01:54:10,301 INFO       main:1:MLST:main:MLST:335 - Calculating spanning tree...
2018-02-18 01:54:10,302 INFO       main:1:MLST:main:MLST:338 - Done.
2018-02-18 01:54:10,302 INFO       main:1:MLST:main:MLST:342 - Plotting...
2018-02-18 01:54:10,310 INFO       main:1:MLST:main:MLST:361 - All done.
2018-02-18 02:30:44,017 INFO       main:1:MLST:main:MLST:207 - Reading graph from file...
2018-02-18 02:30:44,128 INFO       main:1:MLST:main:MLST:312 - Plotting...
2018-02-18 02:30:44,578 INFO       main:1:MLST:main:MLST:319 - All done.
2018-02-18 02:30:44,578 INFO       main:1:MLST:main:MLST:325 - Algorithm: ralg1
2018-02-18 02:30:44,579 INFO       main:1:MLST:main:MLST:328 - Starting calculating MLST with ralg1...
2018-02-18 02:32:03,143 INFO       main:1:MLST:main:MLST:207 - Reading graph from file...
2018-02-18 02:32:03,246 INFO       main:1:MLST:main:MLST:312 - Plotting...
2018-02-18 02:32:03,697 INFO       main:1:MLST:main:MLST:319 - All done.
2018-02-18 02:32:03,697 INFO       main:1:MLST:main:MLST:325 - Algorithm: ralg1
2018-02-18 02:32:03,698 INFO       main:1:MLST:main:MLST:328 - Starting calculating MLST with ralg1...
2018-02-18 11:25:00,071 INFO       main:1:MLST:main:MLST:258 - Generating random graph...
2018-02-18 11:25:00,142 INFO       main:1:MLST:main:MLST:313 - Plotting...
2018-02-18 11:25:00,607 INFO       main:1:MLST:main:MLST:320 - All done.
2018-02-18 11:25:00,607 INFO       main:1:MLST:main:MLST:326 - Algorithm: mvca
2018-02-18 11:25:00,608 INFO       main:1:MLST:main:MLST:329 - Starting calculating MLST with mvca...
2018-02-18 11:27:52,256 INFO       main:1:MLST:main:MLST:334 - Done.
2018-02-18 11:27:52,614 INFO       main:1:MLST:main:MLST:336 - Calculating spanning tree...
2018-02-18 11:27:55,340 INFO       main:1:MLST:main:MLST:339 - Done.
2018-02-18 11:28:10,329 INFO       main:1:MLST:main:MLST:343 - Plotting...
2018-02-19 17:34:58,810 INFO       main:1:MLST:main:MLST:253 - Generating random graph...
2018-02-19 17:35:54,454 INFO       main:1:MLST:main:MLST:253 - Generating random graph...
2018-02-19 17:35:54,610 NOTICE     main:1:MLST:main:MLST:286 - Selected algorithms:
2018-02-19 17:35:54,614 NOTICE     main:1:MLST:lambda$main$5:MLST:287 - topdown
2018-02-19 17:35:54,615 NOTICE     main:1:MLST:lambda$main$5:MLST:287 - bottomup
2018-02-19 17:35:54,616 NOTICE     main:1:MLST:lambda$main$5:MLST:287 - bottomupt
2018-02-19 17:35:54,617 NOTICE     main:1:MLST:lambda$main$5:MLST:287 - mvca
2018-02-19 17:35:54,617 NOTICE     main:1:MLST:lambda$main$5:MLST:287 - mvcao1
2018-02-19 17:35:54,618 NOTICE     main:1:MLST:lambda$main$5:MLST:287 - era
2018-02-19 17:35:54,644 INFO       main:1:MLST:main:MLST:328 - Plotting...
2018-02-19 17:35:56,418 INFO       main:1:MLST:main:MLST:335 - All done.
2018-02-19 17:35:56,420 INFO       main:1:MLST:main:MLST:342 - Algorithm: topdown
2018-02-19 17:35:56,436 INFO       main:1:MLST:main:MLST:346 - Starting calculating MLST with topdown...
2018-02-19 20:44:43,380 INFO       main:1:MLST:main:MLST:206 - Reading graph from file...
2018-02-19 20:45:05,544 INFO       main:1:MLST:main:MLST:206 - Reading graph from file...
2018-02-19 20:45:05,579 NOTICE     main:1:MLST:main:MLST:286 - Selected algorithms:
2018-02-19 20:45:05,580 NOTICE     main:1:MLST:lambda$main$5:MLST:287 - topdown
2018-02-19 20:45:05,580 NOTICE     main:1:MLST:lambda$main$5:MLST:287 - bottomup
2018-02-19 20:45:05,581 NOTICE     main:1:MLST:lambda$main$5:MLST:287 - bottomupt
2018-02-19 20:45:05,581 NOTICE     main:1:MLST:lambda$main$5:MLST:287 - mvca
2018-02-19 20:45:05,582 NOTICE     main:1:MLST:lambda$main$5:MLST:287 - mvcao1
2018-02-19 20:45:05,582 NOTICE     main:1:MLST:lambda$main$5:MLST:287 - era
2018-02-19 20:45:05,616 INFO       main:1:MLST:main:MLST:328 - Plotting...
2018-02-19 20:45:06,239 INFO       main:1:MLST:main:MLST:335 - All done.
2018-02-19 20:45:06,240 INFO       main:1:MLST:main:MLST:342 - Algorithm: topdown
2018-02-19 20:45:06,241 INFO       main:1:MLST:main:MLST:346 - Starting calculating MLST with topdown...
2018-02-19 20:45:06,248 INFO       main:1:MLST:main:MLST:351 - Done.
2018-02-19 20:45:06,248 INFO       main:1:MLST:main:MLST:353 - Calculating spanning tree...
2018-02-19 20:45:06,249 INFO       main:1:MLST:main:MLST:358 - Done.
2018-02-19 20:45:06,249 INFO       main:1:MLST:main:MLST:371 - Plotting...
2018-02-19 20:45:06,440 INFO       main:1:MLST:main:MLST:342 - Algorithm: bottomup
2018-02-19 20:45:06,440 INFO       main:1:MLST:main:MLST:346 - Starting calculating MLST with bottomup...
2018-02-19 20:45:06,447 INFO       main:1:MLST:main:MLST:351 - Done.
2018-02-19 20:45:06,448 INFO       main:1:MLST:main:MLST:353 - Calculating spanning tree...
2018-02-19 20:45:06,448 INFO       main:1:MLST:main:MLST:358 - Done.
2018-02-19 20:45:06,449 INFO       main:1:MLST:main:MLST:371 - Plotting...
2018-02-19 20:45:06,534 INFO       main:1:MLST:main:MLST:342 - Algorithm: bottomupt
2018-02-19 20:45:06,535 INFO       main:1:MLST:main:MLST:346 - Starting calculating MLST with bottomupt...
2018-02-19 20:45:06,558 INFO       main:1:MLST:main:MLST:351 - Done.
2018-02-19 20:45:06,559 INFO       main:1:MLST:main:MLST:353 - Calculating spanning tree...
2018-02-19 20:45:06,559 INFO       main:1:MLST:main:MLST:358 - Done.
2018-02-19 20:45:06,560 INFO       main:1:MLST:main:MLST:371 - Plotting...
2018-02-19 20:45:06,658 INFO       main:1:MLST:main:MLST:342 - Algorithm: mvca
2018-02-19 20:45:06,659 INFO       main:1:MLST:main:MLST:346 - Starting calculating MLST with mvca...
2018-02-19 20:45:06,673 INFO       main:1:MLST:main:MLST:351 - Done.
2018-02-19 20:45:06,674 INFO       main:1:MLST:main:MLST:353 - Calculating spanning tree...
2018-02-19 20:45:06,675 INFO       main:1:MLST:main:MLST:358 - Done.
2018-02-19 20:45:06,676 INFO       main:1:MLST:main:MLST:371 - Plotting...
2018-02-19 20:45:06,692 INFO       main:1:MLST:main:MLST:342 - Algorithm: mvcao1
2018-02-19 20:45:06,693 INFO       main:1:MLST:main:MLST:346 - Starting calculating MLST with mvcao1...
2018-02-19 20:45:06,698 INFO       main:1:MLST:main:MLST:351 - Done.
2018-02-19 20:45:06,699 INFO       main:1:MLST:main:MLST:353 - Calculating spanning tree...
2018-02-19 20:45:06,700 INFO       main:1:MLST:main:MLST:358 - Done.
2018-02-19 20:45:06,706 INFO       main:1:MLST:main:MLST:371 - Plotting...
2018-02-19 20:45:06,769 INFO       main:1:MLST:main:MLST:342 - Algorithm: era
2018-02-19 20:45:06,769 INFO       main:1:MLST:main:MLST:346 - Starting calculating MLST with era...
2018-02-19 20:45:06,790 INFO       main:1:MLST:main:MLST:351 - Done.
2018-02-19 20:45:06,791 INFO       main:1:MLST:main:MLST:353 - Calculating spanning tree...
2018-02-19 20:45:06,792 INFO       main:1:MLST:main:MLST:358 - Done.
2018-02-19 20:45:06,793 INFO       main:1:MLST:main:MLST:371 - Plotting...
2018-02-19 20:45:06,818 INFO       main:1:MLST:main:MLST:390 - All done.
2018-02-19 20:47:33,984 INFO       main:1:MLST:main:MLST:206 - Reading graph from file...
2018-02-19 20:47:34,007 NOTICE     main:1:MLST:main:MLST:286 - Selected algorithms:
2018-02-19 20:47:34,008 NOTICE     main:1:MLST:lambda$main$5:MLST:287 - topdown
2018-02-19 20:47:34,008 NOTICE     main:1:MLST:lambda$main$5:MLST:287 - bottomup
2018-02-19 20:47:34,008 NOTICE     main:1:MLST:lambda$main$5:MLST:287 - bottomupt
2018-02-19 20:47:34,008 NOTICE     main:1:MLST:lambda$main$5:MLST:287 - mvca
2018-02-19 20:47:34,009 NOTICE     main:1:MLST:lambda$main$5:MLST:287 - mvcao1
2018-02-19 20:47:34,009 NOTICE     main:1:MLST:lambda$main$5:MLST:287 - era
2018-02-19 20:47:34,033 INFO       main:1:MLST:main:MLST:328 - Plotting...
2018-02-19 20:47:34,479 INFO       main:1:MLST:main:MLST:335 - All done.
2018-02-19 20:47:34,480 INFO       main:1:MLST:main:MLST:342 - Algorithm: topdown
2018-02-19 20:47:34,481 INFO       main:1:MLST:main:MLST:346 - Starting calculating MLST with topdown...
2018-02-19 20:47:34,485 INFO       main:1:MLST:main:MLST:351 - Done.
2018-02-19 20:47:34,486 INFO       main:1:MLST:main:MLST:353 - Calculating spanning tree...
2018-02-19 20:47:34,486 INFO       main:1:MLST:main:MLST:358 - Done.
2018-02-19 20:47:34,487 INFO       main:1:MLST:main:MLST:371 - Plotting...
2018-02-19 20:47:34,639 INFO       main:1:MLST:main:MLST:342 - Algorithm: bottomup
2018-02-19 20:47:34,640 INFO       main:1:MLST:main:MLST:346 - Starting calculating MLST with bottomup...
2018-02-19 20:47:34,645 INFO       main:1:MLST:main:MLST:351 - Done.
2018-02-19 20:47:34,645 INFO       main:1:MLST:main:MLST:353 - Calculating spanning tree...
2018-02-19 20:47:34,650 INFO       main:1:MLST:main:MLST:358 - Done.
2018-02-19 20:47:34,651 INFO       main:1:MLST:main:MLST:371 - Plotting...
2018-02-19 20:47:34,672 INFO       main:1:MLST:main:MLST:342 - Algorithm: bottomupt
2018-02-19 20:47:34,672 INFO       main:1:MLST:main:MLST:346 - Starting calculating MLST with bottomupt...
2018-02-19 20:47:34,706 INFO       main:1:MLST:main:MLST:351 - Done.
2018-02-19 20:47:34,706 INFO       main:1:MLST:main:MLST:353 - Calculating spanning tree...
2018-02-19 20:47:34,706 INFO       main:1:MLST:main:MLST:358 - Done.
2018-02-19 20:47:34,707 INFO       main:1:MLST:main:MLST:371 - Plotting...
2018-02-19 20:47:34,725 INFO       main:1:MLST:main:MLST:342 - Algorithm: mvca
2018-02-19 20:47:34,725 INFO       main:1:MLST:main:MLST:346 - Starting calculating MLST with mvca...
2018-02-19 20:47:34,731 INFO       main:1:MLST:main:MLST:351 - Done.
2018-02-19 20:47:34,733 INFO       main:1:MLST:main:MLST:353 - Calculating spanning tree...
2018-02-19 20:47:34,733 INFO       main:1:MLST:main:MLST:358 - Done.
2018-02-19 20:47:34,734 INFO       main:1:MLST:main:MLST:371 - Plotting...
2018-02-19 20:47:34,806 INFO       main:1:MLST:main:MLST:342 - Algorithm: mvcao1
2018-02-19 20:47:34,807 INFO       main:1:MLST:main:MLST:346 - Starting calculating MLST with mvcao1...
2018-02-19 20:47:34,812 INFO       main:1:MLST:main:MLST:351 - Done.
2018-02-19 20:47:34,813 INFO       main:1:MLST:main:MLST:353 - Calculating spanning tree...
2018-02-19 20:47:34,813 INFO       main:1:MLST:main:MLST:358 - Done.
2018-02-19 20:47:34,813 INFO       main:1:MLST:main:MLST:371 - Plotting...
2018-02-19 20:47:34,833 INFO       main:1:MLST:main:MLST:342 - Algorithm: era
2018-02-19 20:47:34,835 INFO       main:1:MLST:main:MLST:346 - Starting calculating MLST with era...
2018-02-19 20:47:34,854 INFO       main:1:MLST:main:MLST:351 - Done.
2018-02-19 20:47:34,855 INFO       main:1:MLST:main:MLST:353 - Calculating spanning tree...
2018-02-19 20:47:34,856 INFO       main:1:MLST:main:MLST:358 - Done.
2018-02-19 20:47:34,857 INFO       main:1:MLST:main:MLST:371 - Plotting...
2018-02-19 20:47:34,895 INFO       main:1:MLST:main:MLST:390 - All done.
2018-02-19 20:48:36,639 INFO       main:1:MLST:main:MLST:206 - Reading graph from file...
2018-02-19 20:48:36,660 NOTICE     main:1:MLST:main:MLST:286 - Selected algorithms:
2018-02-19 20:48:36,661 NOTICE     main:1:MLST:lambda$main$5:MLST:287 - bottomupt
2018-02-19 20:48:36,684 INFO       main:1:MLST:main:MLST:328 - Plotting...
2018-02-19 20:48:37,127 INFO       main:1:MLST:main:MLST:335 - All done.
2018-02-19 20:48:37,127 INFO       main:1:MLST:main:MLST:342 - Algorithm: bottomupt
2018-02-19 20:48:37,128 INFO       main:1:MLST:main:MLST:346 - Starting calculating MLST with bottomupt...
2018-02-19 20:48:37,154 INFO       main:1:MLST:main:MLST:351 - Done.
2018-02-19 20:48:37,155 INFO       main:1:MLST:main:MLST:353 - Calculating spanning tree...
2018-02-19 20:48:37,155 INFO       main:1:MLST:main:MLST:358 - Done.
2018-02-19 20:48:37,156 INFO       main:1:MLST:main:MLST:371 - Plotting...
2018-02-19 20:48:37,282 INFO       main:1:MLST:main:MLST:390 - All done.
2018-02-19 20:50:14,254 INFO       main:1:MLST:main:MLST:206 - Reading graph from file...
2018-02-19 20:50:14,281 NOTICE     main:1:MLST:main:MLST:286 - Selected algorithms:
2018-02-19 20:50:14,282 NOTICE     main:1:MLST:lambda$main$5:MLST:287 - bottomupt
2018-02-19 20:50:14,311 INFO       main:1:MLST:main:MLST:328 - Plotting...
2018-02-19 20:50:14,835 INFO       main:1:MLST:main:MLST:335 - All done.
2018-02-19 20:50:14,835 INFO       main:1:MLST:main:MLST:342 - Algorithm: bottomupt
2018-02-19 20:50:14,836 INFO       main:1:MLST:main:MLST:346 - Starting calculating MLST with bottomupt...
2018-02-19 20:50:14,859 INFO       main:1:MLST:main:MLST:351 - Done.
2018-02-19 20:50:14,859 INFO       main:1:MLST:main:MLST:353 - Calculating spanning tree...
2018-02-19 20:50:14,860 INFO       main:1:MLST:main:MLST:358 - Done.
2018-02-19 20:50:14,860 INFO       main:1:MLST:main:MLST:371 - Plotting...
2018-02-19 20:50:15,014 INFO       main:1:MLST:main:MLST:390 - All done.
2018-02-19 20:55:12,954 INFO       main:1:MLST:main:MLST:206 - Reading graph from file...
2018-02-19 20:55:12,975 NOTICE     main:1:MLST:main:MLST:286 - Selected algorithms:
2018-02-19 20:55:12,976 NOTICE     main:1:MLST:lambda$main$5:MLST:287 - bottomupt
2018-02-19 20:55:12,999 INFO       main:1:MLST:main:MLST:328 - Plotting...
2018-02-19 20:55:13,371 INFO       main:1:MLST:main:MLST:335 - All done.
2018-02-19 20:55:13,372 INFO       main:1:MLST:main:MLST:342 - Algorithm: bottomupt
2018-02-19 20:55:13,373 INFO       main:1:MLST:main:MLST:346 - Starting calculating MLST with bottomupt...
2018-02-19 20:55:13,418 INFO       main:1:MLST:main:MLST:351 - Done.
2018-02-19 20:55:13,419 INFO       main:1:MLST:main:MLST:353 - Calculating spanning tree...
2018-02-19 20:55:13,419 INFO       main:1:MLST:main:MLST:358 - Done.
2018-02-19 20:55:13,421 INFO       main:1:MLST:main:MLST:371 - Plotting...
2018-02-19 20:55:13,546 INFO       main:1:MLST:main:MLST:390 - All done.
2018-02-19 20:57:16,599 INFO       main:1:MLST:main:MLST:206 - Reading graph from file...
2018-02-19 20:57:16,622 NOTICE     main:1:MLST:main:MLST:286 - Selected algorithms:
2018-02-19 20:57:16,623 NOTICE     main:1:MLST:lambda$main$5:MLST:287 - topdown
2018-02-19 20:57:16,623 NOTICE     main:1:MLST:lambda$main$5:MLST:287 - bottomup
2018-02-19 20:57:16,624 NOTICE     main:1:MLST:lambda$main$5:MLST:287 - bottomupt
2018-02-19 20:57:16,624 NOTICE     main:1:MLST:lambda$main$5:MLST:287 - mvca
2018-02-19 20:57:16,624 NOTICE     main:1:MLST:lambda$main$5:MLST:287 - mvcao1
2018-02-19 20:57:16,624 NOTICE     main:1:MLST:lambda$main$5:MLST:287 - era
2018-02-19 20:57:16,647 INFO       main:1:MLST:main:MLST:328 - Plotting...
2018-02-19 20:57:17,041 INFO       main:1:MLST:main:MLST:335 - All done.
2018-02-19 20:57:17,042 INFO       main:1:MLST:main:MLST:342 - Algorithm: topdown
2018-02-19 20:57:17,043 INFO       main:1:MLST:main:MLST:346 - Starting calculating MLST with topdown...
2018-02-19 20:57:17,049 INFO       main:1:MLST:main:MLST:351 - Done.
2018-02-19 20:57:17,050 INFO       main:1:MLST:main:MLST:353 - Calculating spanning tree...
2018-02-19 20:57:17,050 INFO       main:1:MLST:main:MLST:358 - Done.
2018-02-19 20:57:17,051 INFO       main:1:MLST:main:MLST:371 - Plotting...
2018-02-19 20:57:17,182 INFO       main:1:MLST:main:MLST:342 - Algorithm: bottomup
2018-02-19 20:57:17,182 INFO       main:1:MLST:main:MLST:346 - Starting calculating MLST with bottomup...
2018-02-19 20:57:17,186 INFO       main:1:MLST:main:MLST:351 - Done.
2018-02-19 20:57:17,187 INFO       main:1:MLST:main:MLST:353 - Calculating spanning tree...
2018-02-19 20:57:17,187 INFO       main:1:MLST:main:MLST:358 - Done.
2018-02-19 20:57:17,187 INFO       main:1:MLST:main:MLST:371 - Plotting...
2018-02-19 20:57:17,235 INFO       main:1:MLST:main:MLST:342 - Algorithm: bottomupt
2018-02-19 20:57:17,236 INFO       main:1:MLST:main:MLST:346 - Starting calculating MLST with bottomupt...
2018-02-19 20:57:17,254 INFO       main:1:MLST:main:MLST:351 - Done.
2018-02-19 20:57:17,255 INFO       main:1:MLST:main:MLST:353 - Calculating spanning tree...
2018-02-19 20:57:17,255 INFO       main:1:MLST:main:MLST:358 - Done.
2018-02-19 20:57:17,256 INFO       main:1:MLST:main:MLST:371 - Plotting...
2018-02-19 20:57:17,313 INFO       main:1:MLST:main:MLST:342 - Algorithm: mvca
2018-02-19 20:57:17,313 INFO       main:1:MLST:main:MLST:346 - Starting calculating MLST with mvca...
2018-02-19 20:57:17,320 INFO       main:1:MLST:main:MLST:351 - Done.
2018-02-19 20:57:17,320 INFO       main:1:MLST:main:MLST:353 - Calculating spanning tree...
2018-02-19 20:57:17,321 INFO       main:1:MLST:main:MLST:358 - Done.
2018-02-19 20:57:17,321 INFO       main:1:MLST:main:MLST:371 - Plotting...
2018-02-19 20:57:17,337 INFO       main:1:MLST:main:MLST:342 - Algorithm: mvcao1
2018-02-19 20:57:17,338 INFO       main:1:MLST:main:MLST:346 - Starting calculating MLST with mvcao1...
2018-02-19 20:57:17,342 INFO       main:1:MLST:main:MLST:351 - Done.
2018-02-19 20:57:17,342 INFO       main:1:MLST:main:MLST:353 - Calculating spanning tree...
2018-02-19 20:57:17,342 INFO       main:1:MLST:main:MLST:358 - Done.
2018-02-19 20:57:17,343 INFO       main:1:MLST:main:MLST:371 - Plotting...
2018-02-19 20:57:17,376 INFO       main:1:MLST:main:MLST:342 - Algorithm: era
2018-02-19 20:57:17,384 INFO       main:1:MLST:main:MLST:346 - Starting calculating MLST with era...
2018-02-19 20:57:17,404 INFO       main:1:MLST:main:MLST:351 - Done.
2018-02-19 20:57:17,405 INFO       main:1:MLST:main:MLST:353 - Calculating spanning tree...
2018-02-19 20:57:17,406 INFO       main:1:MLST:main:MLST:358 - Done.
2018-02-19 20:57:17,408 INFO       main:1:MLST:main:MLST:371 - Plotting...
2018-02-19 20:57:17,443 INFO       main:1:MLST:main:MLST:390 - All done.
2018-02-19 20:57:44,495 INFO       main:1:MLST:main:MLST:206 - Reading graph from file...
2018-02-19 20:57:44,565 NOTICE     main:1:MLST:main:MLST:286 - Selected algorithms:
2018-02-19 20:57:44,566 NOTICE     main:1:MLST:lambda$main$5:MLST:287 - topdown
2018-02-19 20:57:44,566 NOTICE     main:1:MLST:lambda$main$5:MLST:287 - bottomup
2018-02-19 20:57:44,566 NOTICE     main:1:MLST:lambda$main$5:MLST:287 - bottomupt
2018-02-19 20:57:44,566 NOTICE     main:1:MLST:lambda$main$5:MLST:287 - mvca
2018-02-19 20:57:44,567 NOTICE     main:1:MLST:lambda$main$5:MLST:287 - mvcao1
2018-02-19 20:57:44,567 NOTICE     main:1:MLST:lambda$main$5:MLST:287 - era
2018-02-19 20:57:44,589 INFO       main:1:MLST:main:MLST:328 - Plotting...
2018-02-19 20:57:45,299 INFO       main:1:MLST:main:MLST:335 - All done.
2018-02-19 20:57:45,300 INFO       main:1:MLST:main:MLST:342 - Algorithm: topdown
2018-02-19 20:57:45,304 INFO       main:1:MLST:main:MLST:346 - Starting calculating MLST with topdown...
2018-02-19 20:57:45,312 INFO       main:1:MLST:main:MLST:351 - Done.
2018-02-19 20:57:45,314 INFO       main:1:MLST:main:MLST:353 - Calculating spanning tree...
2018-02-19 20:57:45,316 INFO       main:1:MLST:main:MLST:358 - Done.
2018-02-19 20:57:45,318 INFO       main:1:MLST:main:MLST:371 - Plotting...
2018-02-19 20:57:45,356 INFO       main:1:MLST:main:MLST:342 - Algorithm: bottomup
2018-02-19 20:57:45,359 INFO       main:1:MLST:main:MLST:346 - Starting calculating MLST with bottomup...
2018-02-19 20:57:45,366 INFO       main:1:MLST:main:MLST:351 - Done.
2018-02-19 20:57:45,368 INFO       main:1:MLST:main:MLST:353 - Calculating spanning tree...
2018-02-19 20:57:45,369 INFO       main:1:MLST:main:MLST:358 - Done.
2018-02-19 20:57:45,371 INFO       main:1:MLST:main:MLST:371 - Plotting...
2018-02-19 20:57:45,390 INFO       main:1:MLST:main:MLST:342 - Algorithm: bottomupt
2018-02-19 20:57:45,391 INFO       main:1:MLST:main:MLST:346 - Starting calculating MLST with bottomupt...
2018-02-19 20:57:45,443 INFO       main:1:MLST:main:MLST:351 - Done.
2018-02-19 20:57:45,444 INFO       main:1:MLST:main:MLST:353 - Calculating spanning tree...
2018-02-19 20:57:45,446 INFO       main:1:MLST:main:MLST:358 - Done.
2018-02-19 20:57:45,446 INFO       main:1:MLST:main:MLST:371 - Plotting...
2018-02-19 20:57:45,488 INFO       main:1:MLST:main:MLST:342 - Algorithm: mvca
2018-02-19 20:57:45,490 INFO       main:1:MLST:main:MLST:346 - Starting calculating MLST with mvca...
2018-02-19 20:57:51,336 INFO       main:1:MLST:main:MLST:351 - Done.
2018-02-19 20:57:51,337 INFO       main:1:MLST:main:MLST:353 - Calculating spanning tree...
2018-02-19 20:57:51,337 INFO       main:1:MLST:main:MLST:358 - Done.
2018-02-19 20:57:51,338 INFO       main:1:MLST:main:MLST:371 - Plotting...
2018-02-19 20:57:51,351 INFO       main:1:MLST:main:MLST:342 - Algorithm: mvcao1
2018-02-19 20:57:51,354 INFO       main:1:MLST:main:MLST:346 - Starting calculating MLST with mvcao1...
2018-02-19 20:58:17,944 INFO       main:1:MLST:main:MLST:206 - Reading graph from file...
2018-02-19 20:58:17,986 NOTICE     main:1:MLST:main:MLST:286 - Selected algorithms:
2018-02-19 20:58:17,987 NOTICE     main:1:MLST:lambda$main$5:MLST:287 - topdown
2018-02-19 20:58:17,987 NOTICE     main:1:MLST:lambda$main$5:MLST:287 - bottomup
2018-02-19 20:58:17,987 NOTICE     main:1:MLST:lambda$main$5:MLST:287 - bottomupt
2018-02-19 20:58:17,988 NOTICE     main:1:MLST:lambda$main$5:MLST:287 - mvca
2018-02-19 20:58:17,988 NOTICE     main:1:MLST:lambda$main$5:MLST:287 - mvcao1
2018-02-19 20:58:17,988 NOTICE     main:1:MLST:lambda$main$5:MLST:287 - era
2018-02-19 20:58:18,007 INFO       main:1:MLST:main:MLST:328 - Plotting...
2018-02-19 20:58:18,627 INFO       main:1:MLST:main:MLST:335 - All done.
2018-02-19 20:58:18,627 INFO       main:1:MLST:main:MLST:342 - Algorithm: topdown
2018-02-19 20:58:18,628 INFO       main:1:MLST:main:MLST:346 - Starting calculating MLST with topdown...
2018-02-19 20:58:18,635 INFO       main:1:MLST:main:MLST:351 - Done.
2018-02-19 20:58:18,635 INFO       main:1:MLST:main:MLST:353 - Calculating spanning tree...
2018-02-19 20:58:18,636 INFO       main:1:MLST:main:MLST:358 - Done.
2018-02-19 20:58:18,637 INFO       main:1:MLST:main:MLST:371 - Plotting...
2018-02-19 20:58:18,664 INFO       main:1:MLST:main:MLST:342 - Algorithm: bottomup
2018-02-19 20:58:18,665 INFO       main:1:MLST:main:MLST:346 - Starting calculating MLST with bottomup...
2018-02-19 20:58:18,670 INFO       main:1:MLST:main:MLST:351 - Done.
2018-02-19 20:58:18,670 INFO       main:1:MLST:main:MLST:353 - Calculating spanning tree...
2018-02-19 20:58:18,671 INFO       main:1:MLST:main:MLST:358 - Done.
2018-02-19 20:58:18,671 INFO       main:1:MLST:main:MLST:371 - Plotting...
2018-02-19 20:58:18,714 INFO       main:1:MLST:main:MLST:342 - Algorithm: bottomupt
2018-02-19 20:58:18,715 INFO       main:1:MLST:main:MLST:346 - Starting calculating MLST with bottomupt...
2018-02-19 20:58:18,759 INFO       main:1:MLST:main:MLST:351 - Done.
2018-02-19 20:58:18,762 INFO       main:1:MLST:main:MLST:353 - Calculating spanning tree...
2018-02-19 20:58:18,763 INFO       main:1:MLST:main:MLST:358 - Done.
2018-02-19 20:58:18,764 INFO       main:1:MLST:main:MLST:371 - Plotting...
2018-02-19 20:58:18,938 INFO       main:1:MLST:main:MLST:342 - Algorithm: mvca
2018-02-19 20:58:18,939 INFO       main:1:MLST:main:MLST:346 - Starting calculating MLST with mvca...
2018-02-19 20:58:21,127 INFO       main:1:MLST:main:MLST:351 - Done.
2018-02-19 20:58:21,128 INFO       main:1:MLST:main:MLST:353 - Calculating spanning tree...
2018-02-19 20:58:21,128 INFO       main:1:MLST:main:MLST:358 - Done.
2018-02-19 20:58:21,128 INFO       main:1:MLST:main:MLST:371 - Plotting...
2018-02-19 20:58:21,144 INFO       main:1:MLST:main:MLST:342 - Algorithm: mvcao1
2018-02-19 20:58:21,144 INFO       main:1:MLST:main:MLST:346 - Starting calculating MLST with mvcao1...
2018-02-19 20:59:14,060 INFO       main:1:MLST:main:MLST:206 - Reading graph from file...
2018-02-19 20:59:14,132 NOTICE     main:1:MLST:main:MLST:286 - Selected algorithms:
2018-02-19 20:59:14,135 NOTICE     main:1:MLST:lambda$main$5:MLST:287 - topdown
2018-02-19 20:59:14,136 NOTICE     main:1:MLST:lambda$main$5:MLST:287 - bottomup
2018-02-19 20:59:14,137 NOTICE     main:1:MLST:lambda$main$5:MLST:287 - bottomupt
2018-02-19 20:59:14,137 NOTICE     main:1:MLST:lambda$main$5:MLST:287 - mvca
2018-02-19 20:59:14,138 NOTICE     main:1:MLST:lambda$main$5:MLST:287 - mvcao1
2018-02-19 20:59:14,139 NOTICE     main:1:MLST:lambda$main$5:MLST:287 - era
2018-02-19 20:59:14,208 INFO       main:1:MLST:main:MLST:328 - Plotting...
2018-02-19 20:59:15,602 INFO       main:1:MLST:main:MLST:335 - All done.
2018-02-19 20:59:15,603 INFO       main:1:MLST:main:MLST:342 - Algorithm: topdown
2018-02-19 20:59:15,606 INFO       main:1:MLST:main:MLST:346 - Starting calculating MLST with topdown...
2018-02-19 20:59:15,624 INFO       main:1:MLST:main:MLST:351 - Done.
2018-02-19 20:59:15,625 INFO       main:1:MLST:main:MLST:353 - Calculating spanning tree...
2018-02-19 20:59:15,627 INFO       main:1:MLST:main:MLST:358 - Done.
2018-02-19 20:59:15,629 INFO       main:1:MLST:main:MLST:371 - Plotting...
2018-02-19 20:59:16,081 INFO       main:1:MLST:main:MLST:342 - Algorithm: bottomup
2018-02-19 20:59:16,084 INFO       main:1:MLST:main:MLST:346 - Starting calculating MLST with bottomup...
2018-02-19 20:59:16,094 INFO       main:1:MLST:main:MLST:351 - Done.
2018-02-19 20:59:16,096 INFO       main:1:MLST:main:MLST:353 - Calculating spanning tree...
2018-02-19 20:59:16,097 INFO       main:1:MLST:main:MLST:358 - Done.
2018-02-19 20:59:16,099 INFO       main:1:MLST:main:MLST:371 - Plotting...
2018-02-19 20:59:16,326 INFO       main:1:MLST:main:MLST:342 - Algorithm: bottomupt
2018-02-19 20:59:16,341 INFO       main:1:MLST:main:MLST:346 - Starting calculating MLST with bottomupt...
2018-02-19 20:59:16,410 INFO       main:1:MLST:main:MLST:351 - Done.
2018-02-19 20:59:16,411 INFO       main:1:MLST:main:MLST:353 - Calculating spanning tree...
2018-02-19 20:59:16,413 INFO       main:1:MLST:main:MLST:358 - Done.
2018-02-19 20:59:16,415 INFO       main:1:MLST:main:MLST:371 - Plotting...
2018-02-19 20:59:16,569 INFO       main:1:MLST:main:MLST:342 - Algorithm: mvca
2018-02-19 20:59:16,571 INFO       main:1:MLST:main:MLST:346 - Starting calculating MLST with mvca...
2018-02-19 20:59:16,606 INFO       main:1:MLST:main:MLST:351 - Done.
2018-02-19 20:59:16,607 INFO       main:1:MLST:main:MLST:353 - Calculating spanning tree...
2018-02-19 20:59:16,609 INFO       main:1:MLST:main:MLST:358 - Done.
2018-02-19 20:59:16,611 INFO       main:1:MLST:main:MLST:371 - Plotting...
2018-02-19 20:59:16,702 INFO       main:1:MLST:main:MLST:342 - Algorithm: mvcao1
2018-02-19 20:59:16,711 INFO       main:1:MLST:main:MLST:346 - Starting calculating MLST with mvcao1...
2018-02-19 20:59:16,731 INFO       main:1:MLST:main:MLST:351 - Done.
2018-02-19 20:59:16,732 INFO       main:1:MLST:main:MLST:353 - Calculating spanning tree...
2018-02-19 20:59:16,734 INFO       main:1:MLST:main:MLST:358 - Done.
2018-02-19 20:59:16,735 INFO       main:1:MLST:main:MLST:371 - Plotting...
2018-02-19 20:59:16,852 INFO       main:1:MLST:main:MLST:342 - Algorithm: era
2018-02-19 20:59:16,854 INFO       main:1:MLST:main:MLST:346 - Starting calculating MLST with era...
2018-02-19 20:59:16,901 INFO       main:1:MLST:main:MLST:351 - Done.
2018-02-19 20:59:16,902 INFO       main:1:MLST:main:MLST:353 - Calculating spanning tree...
2018-02-19 20:59:16,904 INFO       main:1:MLST:main:MLST:358 - Done.
2018-02-19 20:59:16,906 INFO       main:1:MLST:main:MLST:371 - Plotting...
2018-02-19 20:59:17,033 INFO       main:1:MLST:main:MLST:390 - All done.
2018-02-19 20:59:41,821 INFO       main:1:MLST:main:MLST:206 - Reading graph from file...
2018-02-19 20:59:41,866 NOTICE     main:1:MLST:main:MLST:286 - Selected algorithms:
2018-02-19 20:59:41,867 NOTICE     main:1:MLST:lambda$main$5:MLST:287 - topdown
2018-02-19 20:59:41,868 NOTICE     main:1:MLST:lambda$main$5:MLST:287 - bottomup
2018-02-19 20:59:41,868 NOTICE     main:1:MLST:lambda$main$5:MLST:287 - bottomupt
2018-02-19 20:59:41,869 NOTICE     main:1:MLST:lambda$main$5:MLST:287 - mvca
2018-02-19 20:59:41,869 NOTICE     main:1:MLST:lambda$main$5:MLST:287 - mvcao1
2018-02-19 20:59:41,869 NOTICE     main:1:MLST:lambda$main$5:MLST:287 - era
2018-02-19 20:59:41,889 INFO       main:1:MLST:main:MLST:328 - Plotting...
2018-02-19 20:59:42,509 INFO       main:1:MLST:main:MLST:335 - All done.
2018-02-19 20:59:42,510 INFO       main:1:MLST:main:MLST:342 - Algorithm: topdown
2018-02-19 20:59:42,511 INFO       main:1:MLST:main:MLST:346 - Starting calculating MLST with topdown...
2018-02-19 20:59:42,520 INFO       main:1:MLST:main:MLST:351 - Done.
2018-02-19 20:59:42,520 INFO       main:1:MLST:main:MLST:353 - Calculating spanning tree...
2018-02-19 20:59:42,521 INFO       main:1:MLST:main:MLST:358 - Done.
2018-02-19 20:59:42,522 INFO       main:1:MLST:main:MLST:371 - Plotting...
2018-02-19 20:59:42,541 INFO       main:1:MLST:main:MLST:342 - Algorithm: bottomup
2018-02-19 20:59:42,542 INFO       main:1:MLST:main:MLST:346 - Starting calculating MLST with bottomup...
2018-02-19 20:59:42,548 INFO       main:1:MLST:main:MLST:351 - Done.
2018-02-19 20:59:42,548 INFO       main:1:MLST:main:MLST:353 - Calculating spanning tree...
2018-02-19 20:59:42,549 INFO       main:1:MLST:main:MLST:358 - Done.
2018-02-19 20:59:42,550 INFO       main:1:MLST:main:MLST:371 - Plotting...
2018-02-19 20:59:42,570 INFO       main:1:MLST:main:MLST:342 - Algorithm: bottomupt
2018-02-19 20:59:42,575 INFO       main:1:MLST:main:MLST:346 - Starting calculating MLST with bottomupt...
2018-02-19 20:59:42,609 INFO       main:1:MLST:main:MLST:351 - Done.
2018-02-19 20:59:42,609 INFO       main:1:MLST:main:MLST:353 - Calculating spanning tree...
2018-02-19 20:59:42,610 INFO       main:1:MLST:main:MLST:358 - Done.
2018-02-19 20:59:42,611 INFO       main:1:MLST:main:MLST:371 - Plotting...
2018-02-19 20:59:42,682 INFO       main:1:MLST:main:MLST:342 - Algorithm: mvca
2018-02-19 20:59:42,682 INFO       main:1:MLST:main:MLST:346 - Starting calculating MLST with mvca...
2018-02-19 20:59:43,419 INFO       main:1:MLST:main:MLST:351 - Done.
2018-02-19 20:59:43,419 INFO       main:1:MLST:main:MLST:353 - Calculating spanning tree...
2018-02-19 20:59:43,420 INFO       main:1:MLST:main:MLST:358 - Done.
2018-02-19 20:59:43,420 INFO       main:1:MLST:main:MLST:371 - Plotting...
2018-02-19 20:59:43,458 INFO       main:1:MLST:main:MLST:342 - Algorithm: mvcao1
2018-02-19 20:59:43,458 INFO       main:1:MLST:main:MLST:346 - Starting calculating MLST with mvcao1...
2018-02-19 21:02:00,831 INFO       main:1:MLST:main:MLST:206 - Reading graph from file...
2018-02-19 21:02:00,863 NOTICE     main:1:MLST:main:MLST:286 - Selected algorithms:
2018-02-19 21:02:00,864 NOTICE     main:1:MLST:lambda$main$5:MLST:287 - topdown
2018-02-19 21:02:00,864 NOTICE     main:1:MLST:lambda$main$5:MLST:287 - bottomup
2018-02-19 21:02:00,865 NOTICE     main:1:MLST:lambda$main$5:MLST:287 - bottomupt
2018-02-19 21:02:00,865 NOTICE     main:1:MLST:lambda$main$5:MLST:287 - mvca
2018-02-19 21:02:00,865 NOTICE     main:1:MLST:lambda$main$5:MLST:287 - mvcao1
2018-02-19 21:02:00,866 NOTICE     main:1:MLST:lambda$main$5:MLST:287 - era
2018-02-19 21:02:00,897 INFO       main:1:MLST:main:MLST:328 - Plotting...
2018-02-19 21:02:01,479 INFO       main:1:MLST:main:MLST:335 - All done.
2018-02-19 21:02:01,479 INFO       main:1:MLST:main:MLST:342 - Algorithm: topdown
2018-02-19 21:02:01,480 INFO       main:1:MLST:main:MLST:346 - Starting calculating MLST with topdown...
2018-02-19 21:02:01,489 INFO       main:1:MLST:main:MLST:351 - Done.
2018-02-19 21:02:01,489 INFO       main:1:MLST:main:MLST:353 - Calculating spanning tree...
2018-02-19 21:02:01,490 INFO       main:1:MLST:main:MLST:358 - Done.
2018-02-19 21:02:01,491 INFO       main:1:MLST:main:MLST:371 - Plotting...
2018-02-19 21:02:01,685 INFO       main:1:MLST:main:MLST:342 - Algorithm: bottomup
2018-02-19 21:02:01,686 INFO       main:1:MLST:main:MLST:346 - Starting calculating MLST with bottomup...
2018-02-19 21:02:01,692 INFO       main:1:MLST:main:MLST:351 - Done.
2018-02-19 21:02:01,692 INFO       main:1:MLST:main:MLST:353 - Calculating spanning tree...
2018-02-19 21:02:01,693 INFO       main:1:MLST:main:MLST:358 - Done.
2018-02-19 21:02:01,694 INFO       main:1:MLST:main:MLST:371 - Plotting...
2018-02-19 21:02:01,727 INFO       main:1:MLST:main:MLST:342 - Algorithm: bottomupt
2018-02-19 21:02:01,728 INFO       main:1:MLST:main:MLST:346 - Starting calculating MLST with bottomupt...
2018-02-19 21:02:01,750 INFO       main:1:MLST:main:MLST:351 - Done.
2018-02-19 21:02:01,751 INFO       main:1:MLST:main:MLST:353 - Calculating spanning tree...
2018-02-19 21:02:01,751 INFO       main:1:MLST:main:MLST:358 - Done.
2018-02-19 21:02:01,752 INFO       main:1:MLST:main:MLST:371 - Plotting...
2018-02-19 21:02:01,856 INFO       main:1:MLST:main:MLST:342 - Algorithm: mvca
2018-02-19 21:02:01,857 INFO       main:1:MLST:main:MLST:346 - Starting calculating MLST with mvca...
2018-02-19 21:02:01,866 INFO       main:1:MLST:main:MLST:351 - Done.
2018-02-19 21:02:01,867 INFO       main:1:MLST:main:MLST:353 - Calculating spanning tree...
2018-02-19 21:02:01,867 INFO       main:1:MLST:main:MLST:358 - Done.
2018-02-19 21:02:01,868 INFO       main:1:MLST:main:MLST:371 - Plotting...
2018-02-19 21:02:01,913 INFO       main:1:MLST:main:MLST:342 - Algorithm: mvcao1
2018-02-19 21:02:01,914 INFO       main:1:MLST:main:MLST:346 - Starting calculating MLST with mvcao1...
2018-02-19 21:02:01,918 INFO       main:1:MLST:main:MLST:351 - Done.
2018-02-19 21:02:01,919 INFO       main:1:MLST:main:MLST:353 - Calculating spanning tree...
2018-02-19 21:02:01,920 INFO       main:1:MLST:main:MLST:358 - Done.
2018-02-19 21:02:01,920 INFO       main:1:MLST:main:MLST:371 - Plotting...
2018-02-19 21:02:01,984 INFO       main:1:MLST:main:MLST:342 - Algorithm: era
2018-02-19 21:02:01,985 INFO       main:1:MLST:main:MLST:346 - Starting calculating MLST with era...
2018-02-19 21:02:02,004 INFO       main:1:MLST:main:MLST:351 - Done.
2018-02-19 21:02:02,005 INFO       main:1:MLST:main:MLST:353 - Calculating spanning tree...
2018-02-19 21:02:02,006 INFO       main:1:MLST:main:MLST:358 - Done.
2018-02-19 21:02:02,006 INFO       main:1:MLST:main:MLST:371 - Plotting...
2018-02-19 21:02:02,038 INFO       main:1:MLST:main:MLST:390 - All done.
